<?xml version="1.0" encoding="UTF-8"?>
<!-- Generated by org.testng.reporters.JUnitReportReporter -->
<testsuite skipped="0" hostname="DESKTOP-EAQ3151" name="a_Basic.A_Basic" tests="1" failures="0" timestamp="03 Jan 2019 08:37:52 GMT" time="0.037" errors="0">
  <testcase name="firstTest" time="0.037" classname="a_Basic.A_Basic"/>
</testsuite> <!-- a_Basic.A_Basic -->
