<?xml version="1.0" encoding="UTF-8"?>
<!-- Generated by org.testng.reporters.JUnitReportReporter -->
<testsuite skipped="4" hostname="DESKTOP-EAQ3151" name="h_enabled.H_Enabled" tests="9" failures="0" timestamp="05 Jan 2019 18:14:29 GMT" time="0.034" errors="0">
  <testcase name="SixthTest" time="0.005" classname="h_enabled.H_Enabled"/>
  <testcase name="FifthTest" time="0.002" classname="h_enabled.H_Enabled"/>
  <testcase name="SeventhTest" time="0.003" classname="h_enabled.H_Enabled"/>
  <testcase name="EighthTest" time="0.018" classname="h_enabled.H_Enabled"/>
  <testcase name="NinthTest" time="0.006" classname="h_enabled.H_Enabled"/>
  <testcase name="SecondTest" classname="h_enabled.H_Enabled">
    <skipped/>
  </testcase> <!-- SecondTest -->
  <testcase name="FirstTest" classname="h_enabled.H_Enabled">
    <skipped/>
  </testcase> <!-- FirstTest -->
  <testcase name="FourthTest" classname="h_enabled.H_Enabled">
    <skipped/>
  </testcase> <!-- FourthTest -->
  <testcase name="ThirdTest" classname="h_enabled.H_Enabled">
    <skipped/>
  </testcase> <!-- ThirdTest -->
</testsuite> <!-- h_enabled.H_Enabled -->
