<?xml version="1.0" encoding="UTF-8"?>
<!-- Generated by org.testng.reporters.JUnitReportReporter -->
<testsuite skipped="0" hostname="DESKTOP-EAQ3151" name="c_Exclude_Include_Methods.C_Exclude_Include_Methods2" tests="2" failures="0" timestamp="03 Jan 2019 17:47:21 GMT" time="0.016" errors="0">
  <testcase name="bFirstTest" time="0.000" classname="c_Exclude_Include_Methods.C_Exclude_Include_Methods2"/>
  <testcase name="bSecondTest" time="0.016" classname="c_Exclude_Include_Methods.C_Exclude_Include_Methods2"/>
</testsuite> <!-- c_Exclude_Include_Methods.C_Exclude_Include_Methods2 -->
