<?xml version="1.0" encoding="UTF-8"?>
<!-- Generated by org.testng.reporters.JUnitReportReporter -->
<testsuite skipped="0" hostname="DESKTOP-EAQ3151" name="g_dependOn.G_DependsOn" tests="9" failures="0" timestamp="05 Jan 2019 17:59:02 GMT" time="0.052" errors="0">
  <testcase name="SecondTest" time="0.002" classname="g_dependOn.G_DependsOn"/>
  <testcase name="NinthTest" time="0.003" classname="g_dependOn.G_DependsOn"/>
  <testcase name="SeventhTest" time="0.002" classname="g_dependOn.G_DependsOn"/>
  <testcase name="SixthTest" time="0.003" classname="g_dependOn.G_DependsOn"/>
  <testcase name="ThirdTest" time="0.002" classname="g_dependOn.G_DependsOn"/>
  <testcase name="FourthTest" time="0.004" classname="g_dependOn.G_DependsOn"/>
  <testcase name="EighthTest" time="0.001" classname="g_dependOn.G_DependsOn"/>
  <testcase name="FirstTest" time="0.004" classname="g_dependOn.G_DependsOn"/>
  <testcase name="FifthTest" time="0.031" classname="g_dependOn.G_DependsOn"/>
</testsuite> <!-- g_dependOn.G_DependsOn -->
