<?xml version="1.0" encoding="UTF-8"?>
<!-- Generated by org.testng.reporters.JUnitReportReporter -->
<testsuite skipped="0" hostname="DESKTOP-EAQ3151" name="d_Before_After_Annotations.D_Before_After_Annotations" tests="2" failures="0" timestamp="03 Jan 2019 18:35:11 GMT" time="0.015" errors="0">
  <testcase name="NinthTest" time="0.015" classname="d_Before_After_Annotations.D_Before_After_Annotations"/>
  <testcase name="NinthTest" time="0.000" classname="d_Before_After_Annotations.D_Before_After_Annotations"/>
</testsuite> <!-- d_Before_After_Annotations.D_Before_After_Annotations -->
