<?xml version="1.0" encoding="UTF-8"?>
<!-- Generated by org.testng.reporters.JUnitReportReporter -->
<testsuite skipped="0" hostname="DESKTOP-EAQ3151" name="c_Exclude_Include_Methods.C_Exclude_Include_Methods" tests="2" failures="0" timestamp="03 Jan 2019 17:47:21 GMT" time="0.047" errors="0">
  <testcase name="aaSecondTest" time="0.000" classname="c_Exclude_Include_Methods.C_Exclude_Include_Methods"/>
  <testcase name="aaFirstTest" time="0.047" classname="c_Exclude_Include_Methods.C_Exclude_Include_Methods"/>
</testsuite> <!-- c_Exclude_Include_Methods.C_Exclude_Include_Methods -->
