<?xml version="1.0" encoding="UTF-8"?>
<!-- Generated by org.testng.reporters.JUnitReportReporter -->
<testsuite skipped="0" hostname="DESKTOP-EAQ3151" name="b_Multiple_Tests.B_Multiple_Tests" tests="3" failures="0" timestamp="03 Jan 2019 09:25:16 GMT" time="0.024" errors="0">
  <testcase name="aThirdTest" time="0.016" classname="b_Multiple_Tests.B_Multiple_Tests"/>
  <testcase name="aFirstTest" time="0.008" classname="b_Multiple_Tests.B_Multiple_Tests"/>
  <testcase name="aSecondTest" time="0.000" classname="b_Multiple_Tests.B_Multiple_Tests"/>
</testsuite> <!-- b_Multiple_Tests.B_Multiple_Tests -->
