<?xml version="1.0" encoding="UTF-8"?>
<!-- Generated by org.testng.reporters.JUnitReportReporter -->
<testsuite skipped="0" hostname="DESKTOP-EAQ3151" name="k_dataprovider.K_DataProvider" tests="3" failures="0" timestamp="06 Jan 2019 16:08:43 GMT" time="0.023" errors="0">
  <testcase name="FirstTest" time="0.013" classname="k_dataprovider.K_DataProvider"/>
  <testcase name="FirstTest" time="0.004" classname="k_dataprovider.K_DataProvider"/>
  <testcase name="FirstTest" time="0.006" classname="k_dataprovider.K_DataProvider"/>
</testsuite> <!-- k_dataprovider.K_DataProvider -->
