<?xml version="1.0" encoding="UTF-8"?>
<!-- Generated by org.testng.reporters.JUnitReportReporter -->
<testsuite skipped="0" hostname="DESKTOP-EAQ3151" name="e_groups.E_Groups" tests="9" failures="0" timestamp="05 Jan 2019 17:57:22 GMT" time="0.041" errors="0">
  <testcase name="ThirdTest" time="0.002" classname="e_groups.E_Groups"/>
  <testcase name="SeventhTest" time="0.001" classname="e_groups.E_Groups"/>
  <testcase name="FirstTest" time="0.006" classname="e_groups.E_Groups"/>
  <testcase name="NinthTest" time="0.002" classname="e_groups.E_Groups"/>
  <testcase name="SixthTest" time="0.003" classname="e_groups.E_Groups"/>
  <testcase name="EighthTest" time="0.015" classname="e_groups.E_Groups"/>
  <testcase name="SecondTest" time="0.002" classname="e_groups.E_Groups"/>
  <testcase name="FourthTest" time="0.007" classname="e_groups.E_Groups"/>
  <testcase name="FifthTest" time="0.003" classname="e_groups.E_Groups"/>
</testsuite> <!-- e_groups.E_Groups -->
